<table width="100%" border="1">
<tr style="background-color: #999999;">
<th align="center">#</th>    <th align="center"> Billboard Location ID </th>    <th align="center"> Address </th>    <th align="center"> Postal Code </th>    <th align="center"> Latitude </th>    <th align="center"> Longitude </th>    </tr>    <tr class="listText">
    <td align="center"> 1 </td>        <td align="center"> 15 </td>        <td align="left"> 128-130 L.P. Leviste Street, Makati, Metro Manila, Philippines </td>        <td align="right"> 1,233.00 </td>        <td align="right"> 14.56 </td>        <td align="right"> 121.02 </td>    </tr>    <tr class="listTextAlt">
    <td align="center"> 2 </td>        <td align="center"> 35 </td>        <td align="left"> Conchita, Pasay, Metro Manila, Philippines </td>        <td align="right"> 2,333.00 </td>        <td align="right"> 14.55 </td>        <td align="right"> 121.01 </td>    </tr>    <tr class="listText">
    <td align="center"> 3 </td>        <td align="center"> 36 </td>        <td align="left"> 39 Ponce, Makati, 1223 Kalakhang Maynila, Philippines </td>        <td align="right"> 1,233.00 </td>        <td align="right"> 14.55 </td>        <td align="right"> 121.02 </td>    </tr>    <tr class="listTextAlt">
    <td align="center"> 4 </td>        <td align="center"> 37 </td>        <td align="left"> 2288 Magnolia, Makati, Metro Manila, Philippines </td>        <td align="right"> 2,133.00 </td>        <td align="right"> 14.55 </td>        <td align="right"> 121.03 </td>    </tr>    <tr class="listText">
    <td align="center"> 5 </td>        <td align="center"> 38 </td>        <td align="left"> 2211 Paraiso, Makati, 1221 Metro Manila, Philippines </td>        <td align="right"> 2,133.00 </td>        <td align="right"> 14.55 </td>        <td align="right"> 121.03 </td>    </tr>    <tr class="listTextAlt">
    <td align="center"> 6 </td>        <td align="center"> 39 </td>        <td align="left"> 3 Kawayan Rd, Makati, 1219 Metro Manila, Philippines </td>        <td align="right"> 1,233.00 </td>        <td align="right"> 14.55 </td>        <td align="right"> 121.03 </td>    </tr>    <tr class="listText">
    <td align="center"> 7 </td>        <td align="center"> 40 </td>        <td align="left"> 3412 Canigaran, Makati, 1213 Metro Manila, Philippines </td>        <td align="right"> 1,233.00 </td>        <td align="right"> 14.56 </td>        <td align="right"> 121.04 </td>    </tr>    <tr class="listTextAlt">
    <td align="center"> 8 </td>        <td align="center"> 41 </td>        <td align="left"> 15 Cambridge Cir, Makati, Metro Manila, Philippines </td>        <td align="right"> 1,233.00 </td>        <td align="right"> 14.55 </td>        <td align="right"> 121.03 </td>    </tr>    <tr class="listText">
    <td align="center"> 9 </td>        <td align="center"> 42 </td>        <td align="left"> 2185 Epifanio de los Santos Ave, Makati, 1212 Metro Manila, Philippines </td>        <td align="right"> 2,133.00 </td>        <td align="right"> 14.57 </td>        <td align="right"> 121.05 </td>    </tr>    <tr class="listTextAlt">
    <td align="center"> 10 </td>        <td align="center"> 43 </td>        <td align="left"> 21 Shaw Blvd, Mandaluyong, 1555 Metro Manila, Philippines </td>        <td align="right"> 1,233.00 </td>        <td align="right"> 14.58 </td>        <td align="right"> 121.05 </td>    </tr>    <tr class="listText">
    <td align="center"> 11 </td>        <td align="center"> 44 </td>        <td align="left"> 61 Zodiac, Makati, 1209 Metro Manila, Philippines </td>        <td align="right"> 1,233.00 </td>        <td align="right"> 14.56 </td>        <td align="right"> 121.04 </td>    </tr>    <tr class="listTextAlt">
    <td align="center"> 12 </td>        <td align="center"> 45 </td>        <td align="left"> 500 Sen. Gil J. Puyat Ave, Makati, 1219 Metro Manila, Philippines </td>        <td align="right"> 1,233.00 </td>        <td align="right"> 14.55 </td>        <td align="right"> 121.04 </td>    </tr>    <tr class="listText">
    <td align="center"> 13 </td>        <td align="center"> 46 </td>        <td align="left"> 364 Apo, Mandaluyong, 1550 Kalakhang Maynila, Philippines </td>        <td align="right"> 1,233.00 </td>        <td align="right"> 14.57 </td>        <td align="right"> 121.05 </td>    </tr>    <tr class="listTextAlt">
    <td align="center"> 14 </td>        <td align="center"> 47 </td>        <td align="left"> 74 Epifanio de los Santos Ave, Mandaluyong, 1554 Metro Manila, Philippines </td>        <td align="right"> 1,233.00 </td>        <td align="right"> 14.57 </td>        <td align="right"> 121.05 </td>    </tr>    <tr class="listText">
    <td align="center"> 15 </td>        <td align="center"> 48 </td>        <td align="left"> 105 Epifanio de los Santos Ave, Mandaluyong, 1550 Metro Manila, Philippines </td>        <td align="right"> 2,133.00 </td>        <td align="right"> 14.58 </td>        <td align="right"> 121.05 </td>    </tr>    <tr class="listTextAlt">
    <td align="center"> 16 </td>        <td align="center"> 49 </td>        <td align="left"> Doña Julia Vargas Ave, Ortigas Center, Mandaluyong, Metro Manila, Philippines </td>        <td align="right"> 1,233.00 </td>        <td align="right"> 14.58 </td>        <td align="right"> 121.06 </td>    </tr>    <tr class="listText">
    <td align="center"> 17 </td>        <td align="center"> 50 </td>        <td align="left"> The Columns Legazpi Village, Antonio Arnaiz Ave, Legazpi Village, Makati, 1223 Metro Manila, Philippines </td>        <td align="right"> 1,700.00 </td>        <td align="right"> 14.55 </td>        <td align="right"> 121.02 </td>    </tr><tr style="background-color: #999999;">
<th align="center">17</th>    <th align="center"> 695 </th>    <th align="left">  </th>    <th align="right"> 26,128.00 </th>    <th align="right"> 247.53 </th>    <th align="right"> 2,057.60 </th></tr>
</table>